thai coconut
brazil soup
irish mushroom
german shrimp
korean grape
indian moule
scottish salard
korean pancake
singapore lamb
japanese salard
indian chicken
mexico meatball
irish micheline starred
indian fruit
russian ham
jamaican grape
arabian beef
vietnamese fruit
italian pickled
arabian chicken
greek shrimp
arabian pizza
irish soup
korean sandwich
scottish Sushi
japanese lamb
vietnamese moule
indian potato
mexico burger
singapore restaurant
greek veg
arabian salard
irish chunky
japanese seafood
thai celery
arabian dumpling
guangdong cauliflower
cuba pork
british curry
french carrot
cuba burger
jamaican breakfast
singapore salard
spanish beef
sweden curry
arabian Sushi
sweden sandwich
korean coconut
russian Sushi
jamaican salard
japanese eggplant
sichuan coconut
vietnamese vegan
irish breakfast
mexico pineapple
german cucumber
singapore fruit
greek fruit
singapore grape
spanish pumpkin
mexico spaghetti
spanish veg
japanese noddle
singapore barbecue
spanish pickled
french mushroom
cuba stew
jamaican onion
japanese fries
vietnamese coconut
sweden bacon
indian goose
chinese pudding
thai sandwich
french pancake
german restaurant
mexico pancake
guangdong rib
mexico pickled
brazil chunky
mexico mushroom
jamaican duck
german meatball
irish bean
thai vegan
spanish goose
sichuan goose
german vegan
french fast food
chinese maize
italian breakfast
indian bean
mexico ham
singapore meatball
thai cucumber
russian pumpkin
cuba breakfast
japanese grape
irish pasta
sichuan carrot
thai beef
greek celery
brazil micheline starred
arabian fruit
german pasta
british vegan
thai meat
british onion
indian cabbage
vietnamese dumpling
mexico maize
arabian pancake
italian pizza
british egg
russian shrimp
german wraps
russian soup
korean pizza
indian pudding
irish cabbage
vietnamese potato
german bacon
thai shrimp
arabian moule
british pizza
thai tofu
chinese eggplant
jamaican moule
sweden grape
spanish coconut
cuba meat
cuba seasame seed
sichuan pork
brazil omelette
indian egg
indian bread
cuba bean
indian seasame seed
cuba celery
japanese tomato
arabian keto
jamaican dumpling
arabian wraps
chinese veg
german noddle
british meat
vietnamese veg
scottish lamb
british fruit
vietnamese pancake
irish rib
sweden bread
british sausage
cuba lamb
british restaurant
british bean
cuba pasta
russian seasame seed
cuba noddle
russian pepper
french pineapple
singapore rice
british pepper
chinese goose
russian noddle
jamaican carrot
sichuan bacon
sweden duck
french rib
french restaurant
french grape
sweden meatball
guangdong pepper
korean stew
irish tofu
greek chunky
thai eggplant
guangdong sandwich
brazil fries
british bacon
french pickled
cuba pudding
japanese pickled
arabian rib
chinese stew
korean pumpkin
indian rib
british pasta
german duck
korean pudding
italian spaghetti
french meat
greek curry
sweden coconut
japanese Sushi
jamaican rice
chinese duck
french sandwich
spanish meat
japanese pizza
singapore cauliflower
italian carrot
french fries
thai maize
german micheline starred
british ham
mexico cucumber
russian tofu
russian seaweed
singapore pasta
russian seafood
brazil pudding
sweden rice
brazil cucumber
guangdong seaweed
japanese pudding
guangdong omelette
arabian lamb
vietnamese mushroom
russian bacon
french curry
mexico breakfast
greek pudding
sichuan omelette
irish fruit
cuba potato
sweden fast food
sweden rib
russian dumpling
indian spaghetti
jamaican meat
scottish omelette
russian pickled
russian fish
british maize
arabian curry
scottish breakfast
mexico dumpling
french sausage
japanese veg
greek pancake
british turkey
guangdong celery
indian onion
scottish soup
spanish fruit
spanish mushroom
japanese keto
german pork
vietnamese seaweed
guangdong chicken
spanish chicken
chinese fruit
thai onion
greek sandwich
irish rice
french chunky
spanish rice
guangdong pancake
irish cucumber
mexico pork
singapore veg
japanese pork
cuba pumpkin
scottish fish
indian seafood
brazil bean
italian seasame seed
indian coconut
sweden onion
brazil pepper
spanish chunky
jamaican celery
arabian micheline starred
greek grape
cuba moule
jamaican seasame seed
arabian maize
italian dumpling
vietnamese spaghetti
french tofu
sichuan cheese
sweden chunky
irish maize
thai omelette
thai breakfast
french cucumber
korean seasame seed
russian coconut
sweden cabbage
korean duck
singapore wraps
vietnamese shrimp
vietnamese cheese
chinese bread
italian pancake
guangdong fries
vietnamese carrot
spanish duck
german Sushi
greek turkey
irish shrimp
vietnamese tofu
thai rice
arabian potato
chinese seaweed
irish seafood
vietnamese goose
sichuan seasame seed
sweden meat
guangdong tofu
irish seaweed
guangdong pickled
arabian carrot
greek cheese
chinese onion
guangdong beef
irish grape
brazil cabbage
guangdong rice
italian vegan
russian rice
guangdong pudding
guangdong maize
korean turkey
spanish pasta
vietnamese pepper
singapore keto
german coconut
scottish duck
vietnamese chicken
sichuan potato
cuba fast food
jamaican coconut
sichuan mushroom
singapore omelette
german pumpkin
russian egg
arabian shrimp
korean chunky
sichuan egg
thai meatball
singapore fish
jamaican vegan
brazil breakfast
sweden wraps
russian cheese
indian mushroom
japanese chicken
russian mushroom
spanish tofu
spanish shrimp
arabian sandwich
italian maize
vietnamese onion
japanese sandwich
vietnamese beef
greek meatball
sichuan grape
arabian bacon
chinese restaurant
japanese duck
chinese seasame seed
thai Sushi
irish sausage
chinese potato
french fish
arabian egg
greek seaweed
scottish ham
thai salard
indian pickled
russian moule
arabian breakfast
greek duck
british barbecue
mexico pudding
spanish Sushi
greek pepper
thai seafood
greek breakfast
british stew
chinese chicken
cuba seaweed
indian sausage
french salard
korean keto
thai fries
russian salard
brazil cauliflower
german fast food
jamaican rib
japanese curry
mexico curry
indian maize
indian ham
japanese chunky
french cabbage
sichuan pasta
guangdong moule
korean wraps
jamaican stew
irish vegan
irish ham
japanese coconut
french pepper
irish bread
korean lamb
irish celery
chinese sandwich
cuba restaurant
scottish pasta
sweden tomato
korean seaweed
guangdong goose
korean spaghetti
mexico tofu
german pancake
thai tomato
spanish potato
thai dumpling
brazil tofu
chinese carrot
greek pork
korean cauliflower
cuba spaghetti
spanish cheese
chinese rib
spanish cabbage
irish fast food
arabian fast food
spanish moule
thai pepper
scottish onion
british veg
russian tomato
guangdong pumpkin
guangdong cabbage
sweden pork
british sandwich
british goose
scottish curry
cuba rib
irish fish
scottish cabbage
vietnamese omelette
thai cabbage
korean bread
sichuan fish
sweden moule
korean burger
chinese omelette
german goose
korean fish
brazil bacon
vietnamese ham
scottish pepper
cuba bacon
german turkey
sichuan seaweed
japanese seaweed
chinese lamb
spanish eggplant
indian veg
indian keto
italian bacon
french spaghetti
brazil pasta
cuba omelette
greek ham
chinese shrimp
guangdong duck
cuba mushroom
french Sushi
greek micheline starred
arabian soup
russian curry
singapore pudding
thai fish
british burger
jamaican seaweed
greek chicken
sichuan curry
british rib
scottish eggplant
russian duck
greek wraps
scottish vegan
vietnamese keto
british rice
irish bacon
mexico chunky
japanese spaghetti
scottish carrot
korean shrimp
french fruit
spanish soup
singapore beef
vietnamese salard
mexico bacon
italian fruit
japanese pepper
sweden burger
singapore spaghetti
cuba maize
chinese beef
brazil restaurant
sichuan cucumber
sweden beef
indian Sushi
singapore coconut
french vegan
scottish cheese
japanese pineapple
british breakfast
vietnamese soup
jamaican mushroom
cuba curry
italian onion
japanese moule
singapore bacon
jamaican wraps
guangdong fast food
russian onion
arabian bean
cuba beef
arabian duck
japanese bacon
vietnamese duck
japanese meatball
brazil ham
german stew
italian shrimp
sweden maize
spanish pork
irish wraps
korean rib
cuba salard
vietnamese egg
guangdong vegan
singapore vegan
jamaican ham
spanish sausage
irish moule
sichuan rice
mexico turkey
scottish turkey
british meatball
thai restaurant
irish pepper
british eggplant
greek spaghetti
irish burger
cuba carrot
vietnamese pineapple
thai sausage
mexico barbecue
mexico seaweed
arabian burger
korean tofu
sweden vegan
singapore chunky
brazil meatball
french seasame seed
indian beef
indian soup
arabian seafood
arabian celery
jamaican veg
greek moule
italian egg
thai rib
chinese egg
irish turkey
french rice
spanish barbecue
greek meat
guangdong soup
german maize
indian pepper
brazil lamb
french chicken
singapore potato
german chicken
indian breakfast
jamaican omelette
korean cheese
scottish moule
vietnamese seafood
japanese bean
scottish maize
scottish meatball
brazil burger
mexico noddle
german rib
arabian goose
jamaican sausage
cuba pizza
sichuan meatball
british fast food
german barbecue
irish curry
jamaican cheese
german pickled
thai lamb
korean mushroom
irish onion
vietnamese eggplant
jamaican fries
spanish pancake
spanish restaurant
jamaican pizza
arabian pasta
spanish carrot
sweden mushroom
guangdong egg
irish pumpkin
british cabbage
italian chunky
british cauliflower
arabian meatball
vietnamese tomato
indian pineapple
italian salard
cuba meatball
thai veg
scottish chunky
scottish mushroom
japanese carrot
sichuan cauliflower
guangdong wraps
brazil seasame seed
indian cucumber
italian fast food
italian grape
spanish grape
cuba barbecue
scottish cauliflower
korean pasta
singapore tomato
scottish spaghetti
italian cauliflower
guangdong coconut
thai noddle
german tofu
cuba pepper
arabian restaurant
spanish pizza
italian meat
mexico duck
guangdong bean
scottish celery
spanish turkey
british cheese
thai turkey
guangdong ham
sweden noddle
jamaican bread
guangdong sausage
guangdong pasta
russian micheline starred
cuba coconut
greek maize
german cabbage
german pudding
korean curry
arabian pork
vietnamese Sushi
spanish lamb
jamaican fruit
mexico chicken
russian barbecue
spanish seaweed
jamaican goose
cuba cucumber
sichuan turkey
chinese fish
scottish fruit
thai pork
scottish noddle
sweden goose
chinese salard
sweden fish
vietnamese celery
italian cucumber
russian carrot
scottish burger
brazil spaghetti
russian turkey
thai ham
korean tomato
greek vegan
british omelette
sichuan vegan
spanish noddle
spanish fries
sichuan micheline starred
cuba tomato
scottish cucumber
spanish keto
sweden eggplant
cuba onion
sichuan pineapple
jamaican tomato
thai duck
french maize
french soup
russian fruit
korean veg
spanish ham
german cauliflower
indian barbecue
scottish beef
brazil grape
jamaican pork
thai seaweed
french pizza
sweden pudding
singapore cabbage
scottish sandwich
spanish cauliflower
russian burger
italian fish
french cheese
thai fruit
sweden lamb
scottish fries
vietnamese fish
korean ham
chinese keto
chinese curry
indian lamb
russian vegan
indian cheese
mexico fast food
sichuan restaurant
guangdong micheline starred
arabian noddle
sweden pancake
french shrimp
singapore sandwich
guangdong breakfast
french tomato
italian beef
irish pickled
irish salard
german pineapple
indian sandwich
brazil vegan
scottish seafood
german carrot
singapore moule
sichuan rib
mexico pasta
german breakfast
scottish seaweed
scottish grape
british cucumber
korean noddle
sweden micheline starred
spanish bean
scottish goose
thai curry
brazil cheese
greek rib
jamaican keto
indian pasta
thai soup
jamaican egg
sichuan soup
cuba rice
brazil tomato
british chicken
korean omelette
irish seasame seed
singapore pumpkin
sweden salard
spanish sandwich
greek fast food
vietnamese bread
indian curry
spanish egg
russian stew
mexico stew
indian micheline starred
brazil beef
korean restaurant
japanese burger
vietnamese cucumber
brazil shrimp
british pineapple
greek mushroom
greek bread
chinese tomato
italian keto
german sausage
jamaican curry
italian coconut
sichuan beef
guangdong turkey
greek tomato
sichuan breakfast
chinese sausage
vietnamese pork
japanese onion
cuba dumpling
brazil pickled
sichuan veg
sichuan celery
brazil goose
german lamb
greek goose
italian ham
italian pepper
chinese rice
sichuan bean
korean goose
indian dumpling
german cheese
korean meat
scottish meat
spanish cucumber
sichuan meat
korean dumpling
german ham
spanish fish
thai wraps
sweden carrot
mexico wraps
italian stew
british pumpkin
cuba egg
german pizza
spanish pineapple
jamaican chunky
arabian stew
russian maize
chinese pineapple
japanese cauliflower
french dumpling
jamaican lamb
indian restaurant
chinese spaghetti
cuba fruit
guangdong curry
italian wraps
jamaican spaghetti
cuba goose
spanish wraps
cuba seafood
spanish dumpling
irish lamb
russian celery
sweden pineapple
mexico bread
thai chunky
spanish micheline starred
singapore dumpling
indian pancake
italian pork
mexico vegan
brazil salard
singapore stew
thai fast food
chinese meatball
irish noddle
russian rib
korean pepper
sichuan spaghetti
french bacon
jamaican bacon
mexico veg
sweden omelette
indian chunky
sweden seaweed
thai goose
scottish pudding
singapore goose
guangdong lamb
vietnamese cabbage
irish duck
irish fries
thai keto
indian tomato
japanese ham
vietnamese bean
arabian cabbage
german chunky
scottish keto
chinese celery
indian eggplant
thai cheese
greek eggplant
irish cauliflower
sichuan tofu
greek burger
cuba fish
thai pudding
german rice
irish chicken
greek sausage
mexico pepper
arabian coconut
singapore Sushi
french meatball
french seafood
mexico lamb
scottish stew
scottish bread
mexico cauliflower
guangdong restaurant
jamaican cucumber
brazil bread
sichuan burger
chinese mushroom
spanish seasame seed
indian wraps
jamaican soup
brazil fruit
french pasta
brazil carrot
cuba ham
indian omelette
scottish wraps
russian chunky
singapore tofu
brazil rib
arabian pumpkin
german fries
jamaican seafood
indian bacon
sweden potato
thai burger
jamaican beef
sweden soup
russian fries
sweden keto
irish veg
sweden Sushi
mexico moule
greek pumpkin
arabian mushroom
singapore shrimp
arabian onion
british noddle
cuba grape
irish keto
vietnamese seasame seed
korean carrot
indian burger
mexico beef
japanese pasta
guangdong grape
arabian seasame seed
korean salard
sichuan tomato
jamaican restaurant
vietnamese rice
chinese cabbage
chinese pumpkin
vietnamese sausage
german omelette
sichuan noddle
italian cheese
vietnamese lamb
irish pudding
italian rice
british fries
arabian rice
korean barbecue
japanese soup
thai bacon
british Sushi
russian fast food
korean egg
jamaican pancake
jamaican pasta
british duck
british tomato
thai cauliflower
singapore carrot
sichuan sandwich
sweden veg
indian vegan
vietnamese burger
thai pizza
french bean
sweden bean
sweden chicken
british grape
singapore pizza
cuba keto
italian micheline starred
japanese omelette
chinese breakfast
italian turkey
arabian veg
italian duck
indian salard
japanese seasame seed
irish Sushi
russian bread
spanish onion
japanese turkey
spanish curry
korean sausage
french egg
german pepper
singapore celery
jamaican tofu
singapore duck
scottish seasame seed
sweden tofu
chinese micheline starred
vietnamese breakfast
japanese cucumber
guangdong dumpling
jamaican fast food
cuba tofu
japanese goose
british fish
british dumpling
mexico eggplant
korean cabbage
sichuan keto
greek bacon
sweden cucumber
irish eggplant
german curry
german spaghetti
irish carrot
russian sausage
scottish micheline starred
korean seafood
greek egg
british seasame seed
scottish tomato
chinese bean
greek fish
guangdong onion
guangdong seafood
german bean
vietnamese chunky
chinese cheese
mexico potato
scottish sausage
british mushroom
scottish rib
chinese cucumber
italian moule
indian rice
german bread
chinese cauliflower
french keto
sichuan ham
japanese cabbage
vietnamese pumpkin
arabian seaweed
singapore seafood
thai grape
german salard
italian seafood
singapore pork
cuba chunky
jamaican pickled
japanese celery
greek omelette
cuba turkey
french veg
chinese dumpling
french coconut
french potato
guangdong fruit
german egg
korean maize
british pork
russian grape
arabian spaghetti
greek Sushi
japanese beef
greek potato
cuba soup
singapore chicken
brazil fish
korean Sushi
german potato
brazil chicken
french micheline starred
korean potato
italian Sushi
mexico carrot
irish potato
singapore seaweed
greek tofu
guangdong meatball
chinese burger
chinese ham
mexico micheline starred
japanese barbecue
guangdong burger
sweden pickled
italian mushroom
spanish rib
sweden cheese
british seaweed
mexico onion
indian duck
scottish pickled
japanese fruit
arabian cheese
cuba pancake
korean pineapple
scottish restaurant
brazil wraps
mexico sausage
chinese pasta
irish cheese
chinese coconut
british pudding
russian pineapple
brazil keto
greek cauliflower
korean pork
greek beef
guangdong keto
guangdong pork
jamaican turkey
spanish meatball
jamaican cauliflower
french breakfast
mexico shrimp
russian goose
irish coconut
german soup
mexico fish
german fish
mexico rib
greek restaurant
brazil sandwich
sichuan chicken
thai bread
scottish dumpling
spanish salard
british lamb
chinese pizza
singapore egg
singapore cucumber
jamaican noddle
thai carrot
irish egg
irish pineapple
brazil egg
irish beef
brazil stew
british pickled
arabian cauliflower
singapore fries
german eggplant
french lamb
italian omelette
italian curry
sichuan barbecue
brazil seaweed
russian spaghetti
irish barbecue
chinese soup
sweden restaurant
scottish barbecue
arabian pickled
sichuan pepper
russian pizza
singapore fast food
sichuan eggplant
jamaican burger
brazil rice
italian goose
german grape
greek salard
chinese wraps
german burger
russian meat
italian fries
irish stew
korean beef
singapore rib
mexico keto
british soup
sweden barbecue
russian pudding
german meat
brazil veg
french ham
japanese tofu
sweden cauliflower
sichuan Sushi
korean eggplant
arabian turkey
russian keto
greek stew
cuba veg
scottish bean
sichuan sausage
greek cucumber
irish goose
guangdong chunky
chinese pepper
chinese vegan
guangdong carrot
irish meatball
italian barbecue
singapore bread
korean cucumber
guangdong spaghetti
guangdong seasame seed
japanese potato
brazil meat
sweden pasta
thai moule
british pancake
french cauliflower
vietnamese pickled
german beef
greek carrot
italian bread
singapore maize
mexico Sushi
korean onion
russian chicken
italian sausage
french pumpkin
italian potato
sichuan duck
singapore pineapple
brazil potato
vietnamese meat
italian celery
mexico cabbage
chinese meat
arabian eggplant
mexico pumpkin
brazil pumpkin
italian pineapple
sichuan lamb
italian meatball
korean celery
brazil sausage
russian beef
jamaican pineapple
british tofu
mexico rice
guangdong barbecue
russian pancake
spanish pepper
cuba pickled
indian noddle
sichuan salard
jamaican micheline starred
vietnamese micheline starred
arabian fish
singapore pepper
japanese restaurant
singapore onion
chinese moule
italian pudding
thai pineapple
brazil curry
japanese dumpling
mexico sandwich
mexico egg
mexico pizza
brazil seafood
vietnamese noddle
british seafood
french omelette
mexico grape
singapore burger
german seafood
british spaghetti
mexico fries
scottish veg
jamaican pepper
brazil moule
brazil eggplant
sweden stew
japanese vegan
mexico omelette
japanese mushroom
singapore cheese
arabian sausage
indian tofu
scottish coconut
french eggplant
vietnamese barbecue
guangdong bread
jamaican chicken
russian eggplant
spanish breakfast
jamaican pumpkin
german onion
thai bean
vietnamese restaurant
sweden seafood
vietnamese grape
italian burger
greek onion
russian cucumber
spanish bread
indian fish
vietnamese turkey
spanish tomato
japanese shrimp
sichuan fries
korean vegan
irish meat
russian lamb
cuba bread
british keto
brazil duck
sweden shrimp
french stew
guangdong pizza
korean micheline starred
greek lamb
italian sandwich
mexico salard
guangdong mushroom
greek noddle
scottish pumpkin
british chunky
greek pasta
singapore breakfast
thai stew
cuba wraps
singapore micheline starred
guangdong potato
singapore turkey
british micheline starred
italian lamb
italian rib
sichuan onion
greek barbecue
brazil celery
spanish celery
thai pumpkin
italian restaurant
guangdong cucumber
sweden fries
korean bean
mexico seasame seed
german fruit
chinese barbecue
jamaican sandwich
sweden ham
arabian chunky
scottish potato
japanese sausage
japanese fast food
british beef
korean fast food
greek pickled
mexico coconut
french wraps
brazil barbecue
sweden egg
irish omelette
thai micheline starred
sichuan fruit
sichuan stew
irish tomato
sichuan cabbage
sweden sausage
guangdong noddle
singapore sausage
singapore soup
sichuan seafood
indian pork
sweden celery
guangdong Sushi
greek pineapple
jamaican bean
thai egg
japanese fish
italian eggplant
thai pancake
sichuan pumpkin
french pudding
italian seaweed
chinese seafood
cuba chicken
jamaican pudding
british moule
sichuan wraps
sichuan shrimp
russian meatball
spanish pudding
thai spaghetti
arabian meat
scottish pork
sweden dumpling
korean moule
spanish vegan
italian tofu
japanese bread
greek seafood
greek rice
cuba fries
cuba vegan
brazil coconut
irish dumpling
scottish pineapple
cuba shrimp
russian wraps
greek coconut
sweden pumpkin
vietnamese sandwich
indian fries
scottish pizza
arabian fries
vietnamese maize
cuba duck
mexico restaurant
vietnamese fries
guangdong shrimp
russian potato
thai pickled
korean rice
french beef
mexico tomato
korean meatball
scottish shrimp
indian celery
arabian barbecue
french bread
irish restaurant
japanese meat
singapore seasame seed
spanish burger
brazil fast food
greek seasame seed
mexico bean
thai chicken
german moule
brazil pork
french seaweed
guangdong salard
cuba eggplant
thai pasta
jamaican meatball
greek cabbage
french moule
sichuan pickled
spanish omelette
german seaweed
vietnamese bacon
russian breakfast
chinese pancake
chinese pickled
italian bean
cuba Sushi
british wraps
thai seasame seed
arabian pineapple
british potato
indian seaweed
singapore curry
chinese pork
chinese fast food
singapore pickled
irish pizza
scottish fast food
japanese stew
vietnamese rib
japanese micheline starred
jamaican shrimp
korean pickled
sichuan pancake
sweden pizza
british celery
greek fries
guangdong pineapple
british salard
irish pancake
japanese egg
italian pasta
german veg
guangdong veg
french celery
chinese chunky
mexico goose
sweden breakfast
russian cauliflower
british carrot
cuba micheline starred
korean breakfast
guangdong eggplant
arabian pepper
arabian tomato
jamaican cabbage
french noddle
irish pork
brazil turkey
chinese bacon
german keto
greek soup
irish sandwich
greek keto
vietnamese wraps
vietnamese stew
italian soup
vietnamese pudding
singapore noddle
french onion
mexico celery
vietnamese fast food
italian veg
russian bean
indian pumpkin
arabian ham
sichuan moule
cuba pineapple
guangdong stew
spanish stew
british bread
vietnamese pasta
german celery
russian pork
russian veg
scottish chicken
spanish maize
jamaican barbecue
german sandwich
korean chicken
chinese Sushi
brazil noddle
indian meatball
chinese turkey
french burger
french barbecue
indian shrimp
french goose
german dumpling
spanish spaghetti
singapore pancake
guangdong bacon
french duck
cuba sausage
greek bean
brazil maize
jamaican fish
brazil dumpling
indian turkey
scottish egg
scottish tofu
british coconut
mexico fruit
japanese cheese
vietnamese meatball
sweden turkey
vietnamese cauliflower
italian chicken
singapore mushroom
brazil mushroom
arabian cucumber
italian noddle
mexico soup
greek dumpling
brazil pancake
thai barbecue
sichuan fast food
korean fruit
jamaican Sushi
irish spaghetti
mexico meat
japanese breakfast
chinese noddle
italian tomato
spanish seafood
brazil Sushi
russian sandwich
arabian omelette
korean bacon
german tomato
french turkey
singapore ham
arabian grape
sweden fruit
indian stew
german seasame seed
russian cabbage
chinese grape
thai mushroom
singapore eggplant
chinese fries
cuba sandwich
greek pizza
japanese maize
guangdong cheese
cuba cauliflower
japanese wraps
sichuan pizza
brazil pizza
vietnamese curry
chinese tofu
brazil onion
japanese pumpkin
jamaican maize
indian carrot
indian cauliflower
guangdong fish
guangdong meat
indian grape
russian pasta
russian restaurant
arabian vegan
japanese rib
singapore bean
thai potato
scottish rice
sichuan maize
guangdong tomato
indian meat
jamaican potato
indian pizza
sweden pepper
italian pumpkin
sichuan dumpling
singapore meat
arabian bread
vietnamese pizza
sichuan bread
sichuan pudding
sweden spaghetti
japanese pancake
italian cabbage
arabian pudding
mexico cheese
korean soup
korean fries
russian omelette
brazil pineapple
spanish bacon
arabian tofu
german mushroom
sichuan chunky
scottish pancake
cuba cheese
cuba cabbage
british shrimp
japanese rice
sweden seasame seed
spanish fast food
mexico seafood
indian fast food
scottish bacon
jamaican eggplant
french pork
